[19-Feb-2026 15:13:15 Asia/Manila] PHP Warning:  Undefined variable $workbook in C:\xampp\htdocs\PhpFile\eRegPartner\death_statistics_export.php on line 384
[19-Feb-2026 15:13:15 Asia/Manila] PHP Fatal error:  Uncaught Error: Call to a member function Close() on null in C:\xampp\htdocs\PhpFile\eRegPartner\death_statistics_export.php:384
Stack trace:
#0 {main}
  thrown in C:\xampp\htdocs\PhpFile\eRegPartner\death_statistics_export.php on line 384
[19-Feb-2026 15:52:18 Asia/Manila] PHP Fatal error:  Uncaught ValueError: Path cannot be empty in C:\xampp\htdocs\PhpFile\eRegPartner\birth_statistics_exportClientSave.php:97
Stack trace:
#0 C:\xampp\htdocs\PhpFile\eRegPartner\birth_statistics_exportClientSave.php(97): copy('', 'C:\\xampp\\htdocs...')
#1 {main}
  thrown in C:\xampp\htdocs\PhpFile\eRegPartner\birth_statistics_exportClientSave.php on line 97
[19-Feb-2026 15:53:33 Asia/Manila] PHP Fatal error:  Uncaught ValueError: Path cannot be empty in C:\xampp\htdocs\PhpFile\eRegPartner\birth_statistics_export.php:97
Stack trace:
#0 C:\xampp\htdocs\PhpFile\eRegPartner\birth_statistics_export.php(97): copy('', 'C:\\xampp\\htdocs...')
#1 {main}
  thrown in C:\xampp\htdocs\PhpFile\eRegPartner\birth_statistics_export.php on line 97
[19-Feb-2026 15:56:00 Asia/Manila] PHP Fatal error:  Uncaught ValueError: Path cannot be empty in C:\xampp\htdocs\PhpFile\eRegPartner\birth_statistics_export.php:97
Stack trace:
#0 C:\xampp\htdocs\PhpFile\eRegPartner\birth_statistics_export.php(97): copy('', 'C:\\xampp\\htdocs...')
#1 {main}
  thrown in C:\xampp\htdocs\PhpFile\eRegPartner\birth_statistics_export.php on line 97
[19-Feb-2026 09:10:42 Europe/Berlin] PHP Warning:  ini_set(): Session ini settings cannot be changed when a session is active in C:\xampp\htdocs\PhpFile\eRegPartner\config\config.php on line 9
[19-Feb-2026 09:10:42 Europe/Berlin] PHP Warning:  session_set_cookie_params(): Session cookie parameters cannot be changed when a session is active in C:\xampp\htdocs\PhpFile\eRegPartner\config\config.php on line 10
[19-Feb-2026 09:10:49 Europe/Berlin] PHP Warning:  ini_set(): Session ini settings cannot be changed when a session is active in C:\xampp\htdocs\PhpFile\eRegPartner\config\config.php on line 9
[19-Feb-2026 09:10:49 Europe/Berlin] PHP Warning:  session_set_cookie_params(): Session cookie parameters cannot be changed when a session is active in C:\xampp\htdocs\PhpFile\eRegPartner\config\config.php on line 10
[19-Feb-2026 09:11:32 Europe/Berlin] PHP Warning:  ini_set(): Session ini settings cannot be changed when a session is active in C:\xampp\htdocs\PhpFile\eRegPartner\config\config.php on line 9
[19-Feb-2026 09:11:32 Europe/Berlin] PHP Warning:  session_set_cookie_params(): Session cookie parameters cannot be changed when a session is active in C:\xampp\htdocs\PhpFile\eRegPartner\config\config.php on line 10
[19-Feb-2026 09:35:58 Europe/Berlin] PHP Warning:  ini_set(): Session ini settings cannot be changed when a session is active in C:\xampp\htdocs\PhpFile\eRegPartner\config\config.php on line 9
[19-Feb-2026 09:35:58 Europe/Berlin] PHP Warning:  session_set_cookie_params(): Session cookie parameters cannot be changed when a session is active in C:\xampp\htdocs\PhpFile\eRegPartner\config\config.php on line 10
[19-Feb-2026 09:36:03 Europe/Berlin] PHP Warning:  ini_set(): Session ini settings cannot be changed when a session is active in C:\xampp\htdocs\PhpFile\eRegPartner\config\config.php on line 9
[19-Feb-2026 09:36:03 Europe/Berlin] PHP Warning:  session_set_cookie_params(): Session cookie parameters cannot be changed when a session is active in C:\xampp\htdocs\PhpFile\eRegPartner\config\config.php on line 10
[19-Feb-2026 09:36:31 Europe/Berlin] PHP Warning:  ini_set(): Session ini settings cannot be changed when a session is active in C:\xampp\htdocs\PhpFile\eRegPartner\config\config.php on line 9
[19-Feb-2026 09:36:31 Europe/Berlin] PHP Warning:  session_set_cookie_params(): Session cookie parameters cannot be changed when a session is active in C:\xampp\htdocs\PhpFile\eRegPartner\config\config.php on line 10
[19-Feb-2026 09:37:34 Europe/Berlin] PHP Warning:  ini_set(): Session ini settings cannot be changed when a session is active in C:\xampp\htdocs\PhpFile\eRegPartner\config\config.php on line 9
[19-Feb-2026 09:37:34 Europe/Berlin] PHP Warning:  session_set_cookie_params(): Session cookie parameters cannot be changed when a session is active in C:\xampp\htdocs\PhpFile\eRegPartner\config\config.php on line 10
[19-Feb-2026 09:37:38 Europe/Berlin] PHP Warning:  ini_set(): Session ini settings cannot be changed when a session is active in C:\xampp\htdocs\PhpFile\eRegPartner\config\config.php on line 9
[19-Feb-2026 09:37:38 Europe/Berlin] PHP Warning:  session_set_cookie_params(): Session cookie parameters cannot be changed when a session is active in C:\xampp\htdocs\PhpFile\eRegPartner\config\config.php on line 10
[19-Feb-2026 09:39:43 Europe/Berlin] PHP Warning:  ini_set(): Session ini settings cannot be changed when a session is active in C:\xampp\htdocs\PhpFile\eRegPartner\config\config.php on line 9
[19-Feb-2026 09:39:43 Europe/Berlin] PHP Warning:  session_set_cookie_params(): Session cookie parameters cannot be changed when a session is active in C:\xampp\htdocs\PhpFile\eRegPartner\config\config.php on line 10
[19-Feb-2026 09:39:47 Europe/Berlin] PHP Warning:  ini_set(): Session ini settings cannot be changed when a session is active in C:\xampp\htdocs\PhpFile\eRegPartner\config\config.php on line 9
[19-Feb-2026 09:39:47 Europe/Berlin] PHP Warning:  session_set_cookie_params(): Session cookie parameters cannot be changed when a session is active in C:\xampp\htdocs\PhpFile\eRegPartner\config\config.php on line 10
[19-Feb-2026 09:40:18 Europe/Berlin] PHP Warning:  ini_set(): Session ini settings cannot be changed when a session is active in C:\xampp\htdocs\PhpFile\eRegPartner\config\config.php on line 9
[19-Feb-2026 09:40:18 Europe/Berlin] PHP Warning:  session_set_cookie_params(): Session cookie parameters cannot be changed when a session is active in C:\xampp\htdocs\PhpFile\eRegPartner\config\config.php on line 10
[20-Feb-2026 01:01:34 Europe/Berlin] PHP Warning:  ini_set(): Session ini settings cannot be changed when a session is active in C:\xampp\htdocs\PhpFile\eRegPartner\config\config.php on line 9
[20-Feb-2026 01:01:34 Europe/Berlin] PHP Warning:  session_set_cookie_params(): Session cookie parameters cannot be changed when a session is active in C:\xampp\htdocs\PhpFile\eRegPartner\config\config.php on line 10
[20-Feb-2026 01:01:49 Europe/Berlin] PHP Warning:  ini_set(): Session ini settings cannot be changed when a session is active in C:\xampp\htdocs\PhpFile\eRegPartner\config\config.php on line 9
[20-Feb-2026 01:01:49 Europe/Berlin] PHP Warning:  session_set_cookie_params(): Session cookie parameters cannot be changed when a session is active in C:\xampp\htdocs\PhpFile\eRegPartner\config\config.php on line 10
[20-Feb-2026 01:49:29 Europe/Berlin] PHP Warning:  ini_set(): Session ini settings cannot be changed when a session is active in C:\xampp\htdocs\PhpFile\eRegPartner\config\config.php on line 9
[20-Feb-2026 01:49:29 Europe/Berlin] PHP Warning:  session_set_cookie_params(): Session cookie parameters cannot be changed when a session is active in C:\xampp\htdocs\PhpFile\eRegPartner\config\config.php on line 10
[20-Feb-2026 01:56:50 Europe/Berlin] PHP Warning:  ini_set(): Session ini settings cannot be changed when a session is active in C:\xampp\htdocs\PhpFile\eRegPartner\config\config.php on line 9
[20-Feb-2026 01:56:50 Europe/Berlin] PHP Warning:  session_set_cookie_params(): Session cookie parameters cannot be changed when a session is active in C:\xampp\htdocs\PhpFile\eRegPartner\config\config.php on line 10
[20-Feb-2026 01:57:12 Europe/Berlin] PHP Warning:  ini_set(): Session ini settings cannot be changed when a session is active in C:\xampp\htdocs\PhpFile\eRegPartner\config\config.php on line 9
[20-Feb-2026 01:57:12 Europe/Berlin] PHP Warning:  session_set_cookie_params(): Session cookie parameters cannot be changed when a session is active in C:\xampp\htdocs\PhpFile\eRegPartner\config\config.php on line 10
[20-Feb-2026 02:40:59 Europe/Berlin] PHP Warning:  ini_set(): Session ini settings cannot be changed when a session is active in C:\xampp\htdocs\PhpFile\eRegPartner\config\config.php on line 9
[20-Feb-2026 02:40:59 Europe/Berlin] PHP Warning:  session_set_cookie_params(): Session cookie parameters cannot be changed when a session is active in C:\xampp\htdocs\PhpFile\eRegPartner\config\config.php on line 10
[20-Feb-2026 02:41:03 Europe/Berlin] PHP Warning:  ini_set(): Session ini settings cannot be changed when a session is active in C:\xampp\htdocs\PhpFile\eRegPartner\config\config.php on line 9
[20-Feb-2026 02:41:03 Europe/Berlin] PHP Warning:  session_set_cookie_params(): Session cookie parameters cannot be changed when a session is active in C:\xampp\htdocs\PhpFile\eRegPartner\config\config.php on line 10
[20-Feb-2026 02:41:50 Europe/Berlin] PHP Warning:  ini_set(): Session ini settings cannot be changed when a session is active in C:\xampp\htdocs\PhpFile\eRegPartner\config\config.php on line 9
[20-Feb-2026 02:41:50 Europe/Berlin] PHP Warning:  session_set_cookie_params(): Session cookie parameters cannot be changed when a session is active in C:\xampp\htdocs\PhpFile\eRegPartner\config\config.php on line 10
[20-Feb-2026 02:42:29 Europe/Berlin] PHP Warning:  ini_set(): Session ini settings cannot be changed when a session is active in C:\xampp\htdocs\PhpFile\eRegPartner\config\config.php on line 9
[20-Feb-2026 02:42:29 Europe/Berlin] PHP Warning:  session_set_cookie_params(): Session cookie parameters cannot be changed when a session is active in C:\xampp\htdocs\PhpFile\eRegPartner\config\config.php on line 10
[20-Feb-2026 02:42:30 Europe/Berlin] PHP Warning:  ini_set(): Session ini settings cannot be changed when a session is active in C:\xampp\htdocs\PhpFile\eRegPartner\config\config.php on line 9
[20-Feb-2026 02:42:30 Europe/Berlin] PHP Warning:  session_set_cookie_params(): Session cookie parameters cannot be changed when a session is active in C:\xampp\htdocs\PhpFile\eRegPartner\config\config.php on line 10
[20-Feb-2026 02:43:13 Europe/Berlin] PHP Warning:  ini_set(): Session ini settings cannot be changed when a session is active in C:\xampp\htdocs\PhpFile\eRegPartner\config\config.php on line 9
[20-Feb-2026 02:43:13 Europe/Berlin] PHP Warning:  session_set_cookie_params(): Session cookie parameters cannot be changed when a session is active in C:\xampp\htdocs\PhpFile\eRegPartner\config\config.php on line 10
[20-Feb-2026 02:43:18 Europe/Berlin] PHP Warning:  ini_set(): Session ini settings cannot be changed when a session is active in C:\xampp\htdocs\PhpFile\eRegPartner\config\config.php on line 9
[20-Feb-2026 02:43:18 Europe/Berlin] PHP Warning:  session_set_cookie_params(): Session cookie parameters cannot be changed when a session is active in C:\xampp\htdocs\PhpFile\eRegPartner\config\config.php on line 10
[20-Feb-2026 02:44:56 Europe/Berlin] PHP Warning:  ini_set(): Session ini settings cannot be changed when a session is active in C:\xampp\htdocs\PhpFile\eRegPartner\config\config.php on line 9
[20-Feb-2026 02:44:56 Europe/Berlin] PHP Warning:  session_set_cookie_params(): Session cookie parameters cannot be changed when a session is active in C:\xampp\htdocs\PhpFile\eRegPartner\config\config.php on line 10
[20-Feb-2026 02:46:30 Europe/Berlin] PHP Warning:  ini_set(): Session ini settings cannot be changed when a session is active in C:\xampp\htdocs\PhpFile\eRegPartner\config\config.php on line 9
[20-Feb-2026 02:46:30 Europe/Berlin] PHP Warning:  session_set_cookie_params(): Session cookie parameters cannot be changed when a session is active in C:\xampp\htdocs\PhpFile\eRegPartner\config\config.php on line 10
[20-Feb-2026 02:46:34 Europe/Berlin] PHP Warning:  ini_set(): Session ini settings cannot be changed when a session is active in C:\xampp\htdocs\PhpFile\eRegPartner\config\config.php on line 9
[20-Feb-2026 02:46:34 Europe/Berlin] PHP Warning:  session_set_cookie_params(): Session cookie parameters cannot be changed when a session is active in C:\xampp\htdocs\PhpFile\eRegPartner\config\config.php on line 10
[20-Feb-2026 03:02:07 Europe/Berlin] PHP Warning:  ini_set(): Session ini settings cannot be changed when a session is active in C:\xampp\htdocs\PhpFile\eRegPartner\config\config.php on line 9
[20-Feb-2026 03:02:07 Europe/Berlin] PHP Warning:  session_set_cookie_params(): Session cookie parameters cannot be changed when a session is active in C:\xampp\htdocs\PhpFile\eRegPartner\config\config.php on line 10
[20-Feb-2026 03:02:36 Europe/Berlin] PHP Warning:  ini_set(): Session ini settings cannot be changed when a session is active in C:\xampp\htdocs\PhpFile\eRegPartner\config\config.php on line 9
[20-Feb-2026 03:02:36 Europe/Berlin] PHP Warning:  session_set_cookie_params(): Session cookie parameters cannot be changed when a session is active in C:\xampp\htdocs\PhpFile\eRegPartner\config\config.php on line 10
[20-Feb-2026 03:04:50 Europe/Berlin] PHP Warning:  ini_set(): Session ini settings cannot be changed when a session is active in C:\xampp\htdocs\PhpFile\eRegPartner\config\config.php on line 9
[20-Feb-2026 03:04:50 Europe/Berlin] PHP Warning:  session_set_cookie_params(): Session cookie parameters cannot be changed when a session is active in C:\xampp\htdocs\PhpFile\eRegPartner\config\config.php on line 10
[20-Feb-2026 03:04:54 Europe/Berlin] PHP Warning:  ini_set(): Session ini settings cannot be changed when a session is active in C:\xampp\htdocs\PhpFile\eRegPartner\config\config.php on line 9
[20-Feb-2026 03:04:54 Europe/Berlin] PHP Warning:  session_set_cookie_params(): Session cookie parameters cannot be changed when a session is active in C:\xampp\htdocs\PhpFile\eRegPartner\config\config.php on line 10
[20-Feb-2026 09:16:47 Europe/Berlin] PHP Warning:  ini_set(): Session ini settings cannot be changed when a session is active in C:\xampp\htdocs\PhpFile\eRegPartner\config\config.php on line 9
[20-Feb-2026 09:16:47 Europe/Berlin] PHP Warning:  session_set_cookie_params(): Session cookie parameters cannot be changed when a session is active in C:\xampp\htdocs\PhpFile\eRegPartner\config\config.php on line 10
[20-Feb-2026 09:16:52 Europe/Berlin] PHP Warning:  ini_set(): Session ini settings cannot be changed when a session is active in C:\xampp\htdocs\PhpFile\eRegPartner\config\config.php on line 9
[20-Feb-2026 09:16:52 Europe/Berlin] PHP Warning:  session_set_cookie_params(): Session cookie parameters cannot be changed when a session is active in C:\xampp\htdocs\PhpFile\eRegPartner\config\config.php on line 10
[20-Feb-2026 09:17:57 Europe/Berlin] PHP Warning:  ini_set(): Session ini settings cannot be changed when a session is active in C:\xampp\htdocs\PhpFile\eRegPartner\config\config.php on line 9
[20-Feb-2026 09:17:57 Europe/Berlin] PHP Warning:  session_set_cookie_params(): Session cookie parameters cannot be changed when a session is active in C:\xampp\htdocs\PhpFile\eRegPartner\config\config.php on line 10
[23-Feb-2026 07:45:37 Europe/Berlin] PHP Warning:  ini_set(): Session ini settings cannot be changed when a session is active in C:\xampp\htdocs\PhpFile\eRegPartner\config\config.php on line 9
[23-Feb-2026 07:45:37 Europe/Berlin] PHP Warning:  session_set_cookie_params(): Session cookie parameters cannot be changed when a session is active in C:\xampp\htdocs\PhpFile\eRegPartner\config\config.php on line 10
[23-Feb-2026 08:25:15 Europe/Berlin] PHP Warning:  ini_set(): Session ini settings cannot be changed when a session is active in C:\xampp\htdocs\PhpFile\eRegPartner\config\config.php on line 9
[23-Feb-2026 08:25:15 Europe/Berlin] PHP Warning:  session_set_cookie_params(): Session cookie parameters cannot be changed when a session is active in C:\xampp\htdocs\PhpFile\eRegPartner\config\config.php on line 10
[23-Feb-2026 08:25:20 Europe/Berlin] PHP Warning:  ini_set(): Session ini settings cannot be changed when a session is active in C:\xampp\htdocs\PhpFile\eRegPartner\config\config.php on line 9
[23-Feb-2026 08:25:20 Europe/Berlin] PHP Warning:  session_set_cookie_params(): Session cookie parameters cannot be changed when a session is active in C:\xampp\htdocs\PhpFile\eRegPartner\config\config.php on line 10
